Created by PLY version 3.11 (http://www.dabeaz.com/ply)

Grammar

Rule 0     S' -> expression
Rule 1     expression -> expression PLUS term
Rule 2     expression -> expression MINUS term
Rule 3     expression -> term
Rule 4     term -> term TIMES factor
Rule 5     term -> term DIVIDE factor
Rule 6     term -> term EXP factor
Rule 7     term -> factor
Rule 8     factor -> LPAREN expression RPAREN
Rule 9     factor -> NUMBER
Rule 10    factor -> PI
Rule 11    factor -> E
Rule 12    factor -> BOOL
Rule 13    factor -> STRING
Rule 14    factor -> SIN LPAREN expression RPAREN
Rule 15    factor -> COS LPAREN expression RPAREN
Rule 16    factor -> SQRT LPAREN expression RPAREN
Rule 17    factor -> LOG LPAREN expression COMA expression RPAREN
Rule 18    factor -> RAND LPAREN RPAREN
Rule 19    factor -> PRINT LPAREN expression RPAREN
Rule 20    factor -> factor EQ factor
Rule 21    factor -> factor GT factor
Rule 22    factor -> factor LT factor
Rule 23    factor -> factor GE factor
Rule 24    factor -> factor LE factor
Rule 25    factor -> factor NE factor
Rule 26    factor -> factor AND factor
Rule 27    factor -> factor OR factor
Rule 28    factor -> factor CONCAT factor

Terminals, with rules where they appear

AND                  : 26
BOOL                 : 12
COMA                 : 17
CONCAT               : 28
COS                  : 15
DIVIDE               : 5
E                    : 11
EQ                   : 20
EXP                  : 6
GE                   : 23
GT                   : 21
LE                   : 24
LOG                  : 17
LPAREN               : 8 14 15 16 17 18 19
LT                   : 22
MINUS                : 2
NE                   : 25
NUMBER               : 9
OR                   : 27
PI                   : 10
PLUS                 : 1
PRINT                : 19
RAND                 : 18
RPAREN               : 8 14 15 16 17 18 19
SIN                  : 14
SQRT                 : 16
STRING               : 13
TIMES                : 4
error                : 

Nonterminals, with rules where they appear

expression           : 1 2 8 14 15 16 17 17 19 0
factor               : 4 5 6 7 20 20 21 21 22 22 23 23 24 24 25 25 26 26 27 27 28 28
term                 : 1 2 3 4 5 6

Parsing method: LALR

state 0

    (0) S' -> . expression
    (1) expression -> . expression PLUS term
    (2) expression -> . expression MINUS term
    (3) expression -> . term
    (4) term -> . term TIMES factor
    (5) term -> . term DIVIDE factor
    (6) term -> . term EXP factor
    (7) term -> . factor
    (8) factor -> . LPAREN expression RPAREN
    (9) factor -> . NUMBER
    (10) factor -> . PI
    (11) factor -> . E
    (12) factor -> . BOOL
    (13) factor -> . STRING
    (14) factor -> . SIN LPAREN expression RPAREN
    (15) factor -> . COS LPAREN expression RPAREN
    (16) factor -> . SQRT LPAREN expression RPAREN
    (17) factor -> . LOG LPAREN expression COMA expression RPAREN
    (18) factor -> . RAND LPAREN RPAREN
    (19) factor -> . PRINT LPAREN expression RPAREN
    (20) factor -> . factor EQ factor
    (21) factor -> . factor GT factor
    (22) factor -> . factor LT factor
    (23) factor -> . factor GE factor
    (24) factor -> . factor LE factor
    (25) factor -> . factor NE factor
    (26) factor -> . factor AND factor
    (27) factor -> . factor OR factor
    (28) factor -> . factor CONCAT factor

    LPAREN          shift and go to state 4
    NUMBER          shift and go to state 5
    PI              shift and go to state 6
    E               shift and go to state 7
    BOOL            shift and go to state 8
    STRING          shift and go to state 9
    SIN             shift and go to state 10
    COS             shift and go to state 11
    SQRT            shift and go to state 12
    LOG             shift and go to state 13
    RAND            shift and go to state 14
    PRINT           shift and go to state 15

    expression                     shift and go to state 1
    term                           shift and go to state 2
    factor                         shift and go to state 3

state 1

    (0) S' -> expression .
    (1) expression -> expression . PLUS term
    (2) expression -> expression . MINUS term

    PLUS            shift and go to state 16
    MINUS           shift and go to state 17


state 2

    (3) expression -> term .
    (4) term -> term . TIMES factor
    (5) term -> term . DIVIDE factor
    (6) term -> term . EXP factor

    PLUS            reduce using rule 3 (expression -> term .)
    MINUS           reduce using rule 3 (expression -> term .)
    $end            reduce using rule 3 (expression -> term .)
    RPAREN          reduce using rule 3 (expression -> term .)
    COMA            reduce using rule 3 (expression -> term .)
    TIMES           shift and go to state 18
    DIVIDE          shift and go to state 19
    EXP             shift and go to state 20


state 3

    (7) term -> factor .
    (20) factor -> factor . EQ factor
    (21) factor -> factor . GT factor
    (22) factor -> factor . LT factor
    (23) factor -> factor . GE factor
    (24) factor -> factor . LE factor
    (25) factor -> factor . NE factor
    (26) factor -> factor . AND factor
    (27) factor -> factor . OR factor
    (28) factor -> factor . CONCAT factor

    TIMES           reduce using rule 7 (term -> factor .)
    DIVIDE          reduce using rule 7 (term -> factor .)
    EXP             reduce using rule 7 (term -> factor .)
    PLUS            reduce using rule 7 (term -> factor .)
    MINUS           reduce using rule 7 (term -> factor .)
    $end            reduce using rule 7 (term -> factor .)
    RPAREN          reduce using rule 7 (term -> factor .)
    COMA            reduce using rule 7 (term -> factor .)
    EQ              shift and go to state 21
    GT              shift and go to state 22
    LT              shift and go to state 23
    GE              shift and go to state 24
    LE              shift and go to state 25
    NE              shift and go to state 26
    AND             shift and go to state 27
    OR              shift and go to state 28
    CONCAT          shift and go to state 29


state 4

    (8) factor -> LPAREN . expression RPAREN
    (1) expression -> . expression PLUS term
    (2) expression -> . expression MINUS term
    (3) expression -> . term
    (4) term -> . term TIMES factor
    (5) term -> . term DIVIDE factor
    (6) term -> . term EXP factor
    (7) term -> . factor
    (8) factor -> . LPAREN expression RPAREN
    (9) factor -> . NUMBER
    (10) factor -> . PI
    (11) factor -> . E
    (12) factor -> . BOOL
    (13) factor -> . STRING
    (14) factor -> . SIN LPAREN expression RPAREN
    (15) factor -> . COS LPAREN expression RPAREN
    (16) factor -> . SQRT LPAREN expression RPAREN
    (17) factor -> . LOG LPAREN expression COMA expression RPAREN
    (18) factor -> . RAND LPAREN RPAREN
    (19) factor -> . PRINT LPAREN expression RPAREN
    (20) factor -> . factor EQ factor
    (21) factor -> . factor GT factor
    (22) factor -> . factor LT factor
    (23) factor -> . factor GE factor
    (24) factor -> . factor LE factor
    (25) factor -> . factor NE factor
    (26) factor -> . factor AND factor
    (27) factor -> . factor OR factor
    (28) factor -> . factor CONCAT factor

    LPAREN          shift and go to state 4
    NUMBER          shift and go to state 5
    PI              shift and go to state 6
    E               shift and go to state 7
    BOOL            shift and go to state 8
    STRING          shift and go to state 9
    SIN             shift and go to state 10
    COS             shift and go to state 11
    SQRT            shift and go to state 12
    LOG             shift and go to state 13
    RAND            shift and go to state 14
    PRINT           shift and go to state 15

    expression                     shift and go to state 30
    term                           shift and go to state 2
    factor                         shift and go to state 3

state 5

    (9) factor -> NUMBER .

    EQ              reduce using rule 9 (factor -> NUMBER .)
    GT              reduce using rule 9 (factor -> NUMBER .)
    LT              reduce using rule 9 (factor -> NUMBER .)
    GE              reduce using rule 9 (factor -> NUMBER .)
    LE              reduce using rule 9 (factor -> NUMBER .)
    NE              reduce using rule 9 (factor -> NUMBER .)
    AND             reduce using rule 9 (factor -> NUMBER .)
    OR              reduce using rule 9 (factor -> NUMBER .)
    CONCAT          reduce using rule 9 (factor -> NUMBER .)
    TIMES           reduce using rule 9 (factor -> NUMBER .)
    DIVIDE          reduce using rule 9 (factor -> NUMBER .)
    EXP             reduce using rule 9 (factor -> NUMBER .)
    PLUS            reduce using rule 9 (factor -> NUMBER .)
    MINUS           reduce using rule 9 (factor -> NUMBER .)
    $end            reduce using rule 9 (factor -> NUMBER .)
    RPAREN          reduce using rule 9 (factor -> NUMBER .)
    COMA            reduce using rule 9 (factor -> NUMBER .)


state 6

    (10) factor -> PI .

    EQ              reduce using rule 10 (factor -> PI .)
    GT              reduce using rule 10 (factor -> PI .)
    LT              reduce using rule 10 (factor -> PI .)
    GE              reduce using rule 10 (factor -> PI .)
    LE              reduce using rule 10 (factor -> PI .)
    NE              reduce using rule 10 (factor -> PI .)
    AND             reduce using rule 10 (factor -> PI .)
    OR              reduce using rule 10 (factor -> PI .)
    CONCAT          reduce using rule 10 (factor -> PI .)
    TIMES           reduce using rule 10 (factor -> PI .)
    DIVIDE          reduce using rule 10 (factor -> PI .)
    EXP             reduce using rule 10 (factor -> PI .)
    PLUS            reduce using rule 10 (factor -> PI .)
    MINUS           reduce using rule 10 (factor -> PI .)
    $end            reduce using rule 10 (factor -> PI .)
    RPAREN          reduce using rule 10 (factor -> PI .)
    COMA            reduce using rule 10 (factor -> PI .)


state 7

    (11) factor -> E .

    EQ              reduce using rule 11 (factor -> E .)
    GT              reduce using rule 11 (factor -> E .)
    LT              reduce using rule 11 (factor -> E .)
    GE              reduce using rule 11 (factor -> E .)
    LE              reduce using rule 11 (factor -> E .)
    NE              reduce using rule 11 (factor -> E .)
    AND             reduce using rule 11 (factor -> E .)
    OR              reduce using rule 11 (factor -> E .)
    CONCAT          reduce using rule 11 (factor -> E .)
    TIMES           reduce using rule 11 (factor -> E .)
    DIVIDE          reduce using rule 11 (factor -> E .)
    EXP             reduce using rule 11 (factor -> E .)
    PLUS            reduce using rule 11 (factor -> E .)
    MINUS           reduce using rule 11 (factor -> E .)
    $end            reduce using rule 11 (factor -> E .)
    RPAREN          reduce using rule 11 (factor -> E .)
    COMA            reduce using rule 11 (factor -> E .)


state 8

    (12) factor -> BOOL .

    EQ              reduce using rule 12 (factor -> BOOL .)
    GT              reduce using rule 12 (factor -> BOOL .)
    LT              reduce using rule 12 (factor -> BOOL .)
    GE              reduce using rule 12 (factor -> BOOL .)
    LE              reduce using rule 12 (factor -> BOOL .)
    NE              reduce using rule 12 (factor -> BOOL .)
    AND             reduce using rule 12 (factor -> BOOL .)
    OR              reduce using rule 12 (factor -> BOOL .)
    CONCAT          reduce using rule 12 (factor -> BOOL .)
    TIMES           reduce using rule 12 (factor -> BOOL .)
    DIVIDE          reduce using rule 12 (factor -> BOOL .)
    EXP             reduce using rule 12 (factor -> BOOL .)
    PLUS            reduce using rule 12 (factor -> BOOL .)
    MINUS           reduce using rule 12 (factor -> BOOL .)
    $end            reduce using rule 12 (factor -> BOOL .)
    RPAREN          reduce using rule 12 (factor -> BOOL .)
    COMA            reduce using rule 12 (factor -> BOOL .)


state 9

    (13) factor -> STRING .

    EQ              reduce using rule 13 (factor -> STRING .)
    GT              reduce using rule 13 (factor -> STRING .)
    LT              reduce using rule 13 (factor -> STRING .)
    GE              reduce using rule 13 (factor -> STRING .)
    LE              reduce using rule 13 (factor -> STRING .)
    NE              reduce using rule 13 (factor -> STRING .)
    AND             reduce using rule 13 (factor -> STRING .)
    OR              reduce using rule 13 (factor -> STRING .)
    CONCAT          reduce using rule 13 (factor -> STRING .)
    TIMES           reduce using rule 13 (factor -> STRING .)
    DIVIDE          reduce using rule 13 (factor -> STRING .)
    EXP             reduce using rule 13 (factor -> STRING .)
    PLUS            reduce using rule 13 (factor -> STRING .)
    MINUS           reduce using rule 13 (factor -> STRING .)
    $end            reduce using rule 13 (factor -> STRING .)
    RPAREN          reduce using rule 13 (factor -> STRING .)
    COMA            reduce using rule 13 (factor -> STRING .)


state 10

    (14) factor -> SIN . LPAREN expression RPAREN

    LPAREN          shift and go to state 31


state 11

    (15) factor -> COS . LPAREN expression RPAREN

    LPAREN          shift and go to state 32


state 12

    (16) factor -> SQRT . LPAREN expression RPAREN

    LPAREN          shift and go to state 33


state 13

    (17) factor -> LOG . LPAREN expression COMA expression RPAREN

    LPAREN          shift and go to state 34


state 14

    (18) factor -> RAND . LPAREN RPAREN

    LPAREN          shift and go to state 35


state 15

    (19) factor -> PRINT . LPAREN expression RPAREN

    LPAREN          shift and go to state 36


state 16

    (1) expression -> expression PLUS . term
    (4) term -> . term TIMES factor
    (5) term -> . term DIVIDE factor
    (6) term -> . term EXP factor
    (7) term -> . factor
    (8) factor -> . LPAREN expression RPAREN
    (9) factor -> . NUMBER
    (10) factor -> . PI
    (11) factor -> . E
    (12) factor -> . BOOL
    (13) factor -> . STRING
    (14) factor -> . SIN LPAREN expression RPAREN
    (15) factor -> . COS LPAREN expression RPAREN
    (16) factor -> . SQRT LPAREN expression RPAREN
    (17) factor -> . LOG LPAREN expression COMA expression RPAREN
    (18) factor -> . RAND LPAREN RPAREN
    (19) factor -> . PRINT LPAREN expression RPAREN
    (20) factor -> . factor EQ factor
    (21) factor -> . factor GT factor
    (22) factor -> . factor LT factor
    (23) factor -> . factor GE factor
    (24) factor -> . factor LE factor
    (25) factor -> . factor NE factor
    (26) factor -> . factor AND factor
    (27) factor -> . factor OR factor
    (28) factor -> . factor CONCAT factor

    LPAREN          shift and go to state 4
    NUMBER          shift and go to state 5
    PI              shift and go to state 6
    E               shift and go to state 7
    BOOL            shift and go to state 8
    STRING          shift and go to state 9
    SIN             shift and go to state 10
    COS             shift and go to state 11
    SQRT            shift and go to state 12
    LOG             shift and go to state 13
    RAND            shift and go to state 14
    PRINT           shift and go to state 15

    term                           shift and go to state 37
    factor                         shift and go to state 3

state 17

    (2) expression -> expression MINUS . term
    (4) term -> . term TIMES factor
    (5) term -> . term DIVIDE factor
    (6) term -> . term EXP factor
    (7) term -> . factor
    (8) factor -> . LPAREN expression RPAREN
    (9) factor -> . NUMBER
    (10) factor -> . PI
    (11) factor -> . E
    (12) factor -> . BOOL
    (13) factor -> . STRING
    (14) factor -> . SIN LPAREN expression RPAREN
    (15) factor -> . COS LPAREN expression RPAREN
    (16) factor -> . SQRT LPAREN expression RPAREN
    (17) factor -> . LOG LPAREN expression COMA expression RPAREN
    (18) factor -> . RAND LPAREN RPAREN
    (19) factor -> . PRINT LPAREN expression RPAREN
    (20) factor -> . factor EQ factor
    (21) factor -> . factor GT factor
    (22) factor -> . factor LT factor
    (23) factor -> . factor GE factor
    (24) factor -> . factor LE factor
    (25) factor -> . factor NE factor
    (26) factor -> . factor AND factor
    (27) factor -> . factor OR factor
    (28) factor -> . factor CONCAT factor

    LPAREN          shift and go to state 4
    NUMBER          shift and go to state 5
    PI              shift and go to state 6
    E               shift and go to state 7
    BOOL            shift and go to state 8
    STRING          shift and go to state 9
    SIN             shift and go to state 10
    COS             shift and go to state 11
    SQRT            shift and go to state 12
    LOG             shift and go to state 13
    RAND            shift and go to state 14
    PRINT           shift and go to state 15

    term                           shift and go to state 38
    factor                         shift and go to state 3

state 18

    (4) term -> term TIMES . factor
    (8) factor -> . LPAREN expression RPAREN
    (9) factor -> . NUMBER
    (10) factor -> . PI
    (11) factor -> . E
    (12) factor -> . BOOL
    (13) factor -> . STRING
    (14) factor -> . SIN LPAREN expression RPAREN
    (15) factor -> . COS LPAREN expression RPAREN
    (16) factor -> . SQRT LPAREN expression RPAREN
    (17) factor -> . LOG LPAREN expression COMA expression RPAREN
    (18) factor -> . RAND LPAREN RPAREN
    (19) factor -> . PRINT LPAREN expression RPAREN
    (20) factor -> . factor EQ factor
    (21) factor -> . factor GT factor
    (22) factor -> . factor LT factor
    (23) factor -> . factor GE factor
    (24) factor -> . factor LE factor
    (25) factor -> . factor NE factor
    (26) factor -> . factor AND factor
    (27) factor -> . factor OR factor
    (28) factor -> . factor CONCAT factor

    LPAREN          shift and go to state 4
    NUMBER          shift and go to state 5
    PI              shift and go to state 6
    E               shift and go to state 7
    BOOL            shift and go to state 8
    STRING          shift and go to state 9
    SIN             shift and go to state 10
    COS             shift and go to state 11
    SQRT            shift and go to state 12
    LOG             shift and go to state 13
    RAND            shift and go to state 14
    PRINT           shift and go to state 15

    factor                         shift and go to state 39

state 19

    (5) term -> term DIVIDE . factor
    (8) factor -> . LPAREN expression RPAREN
    (9) factor -> . NUMBER
    (10) factor -> . PI
    (11) factor -> . E
    (12) factor -> . BOOL
    (13) factor -> . STRING
    (14) factor -> . SIN LPAREN expression RPAREN
    (15) factor -> . COS LPAREN expression RPAREN
    (16) factor -> . SQRT LPAREN expression RPAREN
    (17) factor -> . LOG LPAREN expression COMA expression RPAREN
    (18) factor -> . RAND LPAREN RPAREN
    (19) factor -> . PRINT LPAREN expression RPAREN
    (20) factor -> . factor EQ factor
    (21) factor -> . factor GT factor
    (22) factor -> . factor LT factor
    (23) factor -> . factor GE factor
    (24) factor -> . factor LE factor
    (25) factor -> . factor NE factor
    (26) factor -> . factor AND factor
    (27) factor -> . factor OR factor
    (28) factor -> . factor CONCAT factor

    LPAREN          shift and go to state 4
    NUMBER          shift and go to state 5
    PI              shift and go to state 6
    E               shift and go to state 7
    BOOL            shift and go to state 8
    STRING          shift and go to state 9
    SIN             shift and go to state 10
    COS             shift and go to state 11
    SQRT            shift and go to state 12
    LOG             shift and go to state 13
    RAND            shift and go to state 14
    PRINT           shift and go to state 15

    factor                         shift and go to state 40

state 20

    (6) term -> term EXP . factor
    (8) factor -> . LPAREN expression RPAREN
    (9) factor -> . NUMBER
    (10) factor -> . PI
    (11) factor -> . E
    (12) factor -> . BOOL
    (13) factor -> . STRING
    (14) factor -> . SIN LPAREN expression RPAREN
    (15) factor -> . COS LPAREN expression RPAREN
    (16) factor -> . SQRT LPAREN expression RPAREN
    (17) factor -> . LOG LPAREN expression COMA expression RPAREN
    (18) factor -> . RAND LPAREN RPAREN
    (19) factor -> . PRINT LPAREN expression RPAREN
    (20) factor -> . factor EQ factor
    (21) factor -> . factor GT factor
    (22) factor -> . factor LT factor
    (23) factor -> . factor GE factor
    (24) factor -> . factor LE factor
    (25) factor -> . factor NE factor
    (26) factor -> . factor AND factor
    (27) factor -> . factor OR factor
    (28) factor -> . factor CONCAT factor

    LPAREN          shift and go to state 4
    NUMBER          shift and go to state 5
    PI              shift and go to state 6
    E               shift and go to state 7
    BOOL            shift and go to state 8
    STRING          shift and go to state 9
    SIN             shift and go to state 10
    COS             shift and go to state 11
    SQRT            shift and go to state 12
    LOG             shift and go to state 13
    RAND            shift and go to state 14
    PRINT           shift and go to state 15

    factor                         shift and go to state 41

state 21

    (20) factor -> factor EQ . factor
    (8) factor -> . LPAREN expression RPAREN
    (9) factor -> . NUMBER
    (10) factor -> . PI
    (11) factor -> . E
    (12) factor -> . BOOL
    (13) factor -> . STRING
    (14) factor -> . SIN LPAREN expression RPAREN
    (15) factor -> . COS LPAREN expression RPAREN
    (16) factor -> . SQRT LPAREN expression RPAREN
    (17) factor -> . LOG LPAREN expression COMA expression RPAREN
    (18) factor -> . RAND LPAREN RPAREN
    (19) factor -> . PRINT LPAREN expression RPAREN
    (20) factor -> . factor EQ factor
    (21) factor -> . factor GT factor
    (22) factor -> . factor LT factor
    (23) factor -> . factor GE factor
    (24) factor -> . factor LE factor
    (25) factor -> . factor NE factor
    (26) factor -> . factor AND factor
    (27) factor -> . factor OR factor
    (28) factor -> . factor CONCAT factor

    LPAREN          shift and go to state 4
    NUMBER          shift and go to state 5
    PI              shift and go to state 6
    E               shift and go to state 7
    BOOL            shift and go to state 8
    STRING          shift and go to state 9
    SIN             shift and go to state 10
    COS             shift and go to state 11
    SQRT            shift and go to state 12
    LOG             shift and go to state 13
    RAND            shift and go to state 14
    PRINT           shift and go to state 15

    factor                         shift and go to state 42

state 22

    (21) factor -> factor GT . factor
    (8) factor -> . LPAREN expression RPAREN
    (9) factor -> . NUMBER
    (10) factor -> . PI
    (11) factor -> . E
    (12) factor -> . BOOL
    (13) factor -> . STRING
    (14) factor -> . SIN LPAREN expression RPAREN
    (15) factor -> . COS LPAREN expression RPAREN
    (16) factor -> . SQRT LPAREN expression RPAREN
    (17) factor -> . LOG LPAREN expression COMA expression RPAREN
    (18) factor -> . RAND LPAREN RPAREN
    (19) factor -> . PRINT LPAREN expression RPAREN
    (20) factor -> . factor EQ factor
    (21) factor -> . factor GT factor
    (22) factor -> . factor LT factor
    (23) factor -> . factor GE factor
    (24) factor -> . factor LE factor
    (25) factor -> . factor NE factor
    (26) factor -> . factor AND factor
    (27) factor -> . factor OR factor
    (28) factor -> . factor CONCAT factor

    LPAREN          shift and go to state 4
    NUMBER          shift and go to state 5
    PI              shift and go to state 6
    E               shift and go to state 7
    BOOL            shift and go to state 8
    STRING          shift and go to state 9
    SIN             shift and go to state 10
    COS             shift and go to state 11
    SQRT            shift and go to state 12
    LOG             shift and go to state 13
    RAND            shift and go to state 14
    PRINT           shift and go to state 15

    factor                         shift and go to state 43

state 23

    (22) factor -> factor LT . factor
    (8) factor -> . LPAREN expression RPAREN
    (9) factor -> . NUMBER
    (10) factor -> . PI
    (11) factor -> . E
    (12) factor -> . BOOL
    (13) factor -> . STRING
    (14) factor -> . SIN LPAREN expression RPAREN
    (15) factor -> . COS LPAREN expression RPAREN
    (16) factor -> . SQRT LPAREN expression RPAREN
    (17) factor -> . LOG LPAREN expression COMA expression RPAREN
    (18) factor -> . RAND LPAREN RPAREN
    (19) factor -> . PRINT LPAREN expression RPAREN
    (20) factor -> . factor EQ factor
    (21) factor -> . factor GT factor
    (22) factor -> . factor LT factor
    (23) factor -> . factor GE factor
    (24) factor -> . factor LE factor
    (25) factor -> . factor NE factor
    (26) factor -> . factor AND factor
    (27) factor -> . factor OR factor
    (28) factor -> . factor CONCAT factor

    LPAREN          shift and go to state 4
    NUMBER          shift and go to state 5
    PI              shift and go to state 6
    E               shift and go to state 7
    BOOL            shift and go to state 8
    STRING          shift and go to state 9
    SIN             shift and go to state 10
    COS             shift and go to state 11
    SQRT            shift and go to state 12
    LOG             shift and go to state 13
    RAND            shift and go to state 14
    PRINT           shift and go to state 15

    factor                         shift and go to state 44

state 24

    (23) factor -> factor GE . factor
    (8) factor -> . LPAREN expression RPAREN
    (9) factor -> . NUMBER
    (10) factor -> . PI
    (11) factor -> . E
    (12) factor -> . BOOL
    (13) factor -> . STRING
    (14) factor -> . SIN LPAREN expression RPAREN
    (15) factor -> . COS LPAREN expression RPAREN
    (16) factor -> . SQRT LPAREN expression RPAREN
    (17) factor -> . LOG LPAREN expression COMA expression RPAREN
    (18) factor -> . RAND LPAREN RPAREN
    (19) factor -> . PRINT LPAREN expression RPAREN
    (20) factor -> . factor EQ factor
    (21) factor -> . factor GT factor
    (22) factor -> . factor LT factor
    (23) factor -> . factor GE factor
    (24) factor -> . factor LE factor
    (25) factor -> . factor NE factor
    (26) factor -> . factor AND factor
    (27) factor -> . factor OR factor
    (28) factor -> . factor CONCAT factor

    LPAREN          shift and go to state 4
    NUMBER          shift and go to state 5
    PI              shift and go to state 6
    E               shift and go to state 7
    BOOL            shift and go to state 8
    STRING          shift and go to state 9
    SIN             shift and go to state 10
    COS             shift and go to state 11
    SQRT            shift and go to state 12
    LOG             shift and go to state 13
    RAND            shift and go to state 14
    PRINT           shift and go to state 15

    factor                         shift and go to state 45

state 25

    (24) factor -> factor LE . factor
    (8) factor -> . LPAREN expression RPAREN
    (9) factor -> . NUMBER
    (10) factor -> . PI
    (11) factor -> . E
    (12) factor -> . BOOL
    (13) factor -> . STRING
    (14) factor -> . SIN LPAREN expression RPAREN
    (15) factor -> . COS LPAREN expression RPAREN
    (16) factor -> . SQRT LPAREN expression RPAREN
    (17) factor -> . LOG LPAREN expression COMA expression RPAREN
    (18) factor -> . RAND LPAREN RPAREN
    (19) factor -> . PRINT LPAREN expression RPAREN
    (20) factor -> . factor EQ factor
    (21) factor -> . factor GT factor
    (22) factor -> . factor LT factor
    (23) factor -> . factor GE factor
    (24) factor -> . factor LE factor
    (25) factor -> . factor NE factor
    (26) factor -> . factor AND factor
    (27) factor -> . factor OR factor
    (28) factor -> . factor CONCAT factor

    LPAREN          shift and go to state 4
    NUMBER          shift and go to state 5
    PI              shift and go to state 6
    E               shift and go to state 7
    BOOL            shift and go to state 8
    STRING          shift and go to state 9
    SIN             shift and go to state 10
    COS             shift and go to state 11
    SQRT            shift and go to state 12
    LOG             shift and go to state 13
    RAND            shift and go to state 14
    PRINT           shift and go to state 15

    factor                         shift and go to state 46

state 26

    (25) factor -> factor NE . factor
    (8) factor -> . LPAREN expression RPAREN
    (9) factor -> . NUMBER
    (10) factor -> . PI
    (11) factor -> . E
    (12) factor -> . BOOL
    (13) factor -> . STRING
    (14) factor -> . SIN LPAREN expression RPAREN
    (15) factor -> . COS LPAREN expression RPAREN
    (16) factor -> . SQRT LPAREN expression RPAREN
    (17) factor -> . LOG LPAREN expression COMA expression RPAREN
    (18) factor -> . RAND LPAREN RPAREN
    (19) factor -> . PRINT LPAREN expression RPAREN
    (20) factor -> . factor EQ factor
    (21) factor -> . factor GT factor
    (22) factor -> . factor LT factor
    (23) factor -> . factor GE factor
    (24) factor -> . factor LE factor
    (25) factor -> . factor NE factor
    (26) factor -> . factor AND factor
    (27) factor -> . factor OR factor
    (28) factor -> . factor CONCAT factor

    LPAREN          shift and go to state 4
    NUMBER          shift and go to state 5
    PI              shift and go to state 6
    E               shift and go to state 7
    BOOL            shift and go to state 8
    STRING          shift and go to state 9
    SIN             shift and go to state 10
    COS             shift and go to state 11
    SQRT            shift and go to state 12
    LOG             shift and go to state 13
    RAND            shift and go to state 14
    PRINT           shift and go to state 15

    factor                         shift and go to state 47

state 27

    (26) factor -> factor AND . factor
    (8) factor -> . LPAREN expression RPAREN
    (9) factor -> . NUMBER
    (10) factor -> . PI
    (11) factor -> . E
    (12) factor -> . BOOL
    (13) factor -> . STRING
    (14) factor -> . SIN LPAREN expression RPAREN
    (15) factor -> . COS LPAREN expression RPAREN
    (16) factor -> . SQRT LPAREN expression RPAREN
    (17) factor -> . LOG LPAREN expression COMA expression RPAREN
    (18) factor -> . RAND LPAREN RPAREN
    (19) factor -> . PRINT LPAREN expression RPAREN
    (20) factor -> . factor EQ factor
    (21) factor -> . factor GT factor
    (22) factor -> . factor LT factor
    (23) factor -> . factor GE factor
    (24) factor -> . factor LE factor
    (25) factor -> . factor NE factor
    (26) factor -> . factor AND factor
    (27) factor -> . factor OR factor
    (28) factor -> . factor CONCAT factor

    LPAREN          shift and go to state 4
    NUMBER          shift and go to state 5
    PI              shift and go to state 6
    E               shift and go to state 7
    BOOL            shift and go to state 8
    STRING          shift and go to state 9
    SIN             shift and go to state 10
    COS             shift and go to state 11
    SQRT            shift and go to state 12
    LOG             shift and go to state 13
    RAND            shift and go to state 14
    PRINT           shift and go to state 15

    factor                         shift and go to state 48

state 28

    (27) factor -> factor OR . factor
    (8) factor -> . LPAREN expression RPAREN
    (9) factor -> . NUMBER
    (10) factor -> . PI
    (11) factor -> . E
    (12) factor -> . BOOL
    (13) factor -> . STRING
    (14) factor -> . SIN LPAREN expression RPAREN
    (15) factor -> . COS LPAREN expression RPAREN
    (16) factor -> . SQRT LPAREN expression RPAREN
    (17) factor -> . LOG LPAREN expression COMA expression RPAREN
    (18) factor -> . RAND LPAREN RPAREN
    (19) factor -> . PRINT LPAREN expression RPAREN
    (20) factor -> . factor EQ factor
    (21) factor -> . factor GT factor
    (22) factor -> . factor LT factor
    (23) factor -> . factor GE factor
    (24) factor -> . factor LE factor
    (25) factor -> . factor NE factor
    (26) factor -> . factor AND factor
    (27) factor -> . factor OR factor
    (28) factor -> . factor CONCAT factor

    LPAREN          shift and go to state 4
    NUMBER          shift and go to state 5
    PI              shift and go to state 6
    E               shift and go to state 7
    BOOL            shift and go to state 8
    STRING          shift and go to state 9
    SIN             shift and go to state 10
    COS             shift and go to state 11
    SQRT            shift and go to state 12
    LOG             shift and go to state 13
    RAND            shift and go to state 14
    PRINT           shift and go to state 15

    factor                         shift and go to state 49

state 29

    (28) factor -> factor CONCAT . factor
    (8) factor -> . LPAREN expression RPAREN
    (9) factor -> . NUMBER
    (10) factor -> . PI
    (11) factor -> . E
    (12) factor -> . BOOL
    (13) factor -> . STRING
    (14) factor -> . SIN LPAREN expression RPAREN
    (15) factor -> . COS LPAREN expression RPAREN
    (16) factor -> . SQRT LPAREN expression RPAREN
    (17) factor -> . LOG LPAREN expression COMA expression RPAREN
    (18) factor -> . RAND LPAREN RPAREN
    (19) factor -> . PRINT LPAREN expression RPAREN
    (20) factor -> . factor EQ factor
    (21) factor -> . factor GT factor
    (22) factor -> . factor LT factor
    (23) factor -> . factor GE factor
    (24) factor -> . factor LE factor
    (25) factor -> . factor NE factor
    (26) factor -> . factor AND factor
    (27) factor -> . factor OR factor
    (28) factor -> . factor CONCAT factor

    LPAREN          shift and go to state 4
    NUMBER          shift and go to state 5
    PI              shift and go to state 6
    E               shift and go to state 7
    BOOL            shift and go to state 8
    STRING          shift and go to state 9
    SIN             shift and go to state 10
    COS             shift and go to state 11
    SQRT            shift and go to state 12
    LOG             shift and go to state 13
    RAND            shift and go to state 14
    PRINT           shift and go to state 15

    factor                         shift and go to state 50

state 30

    (8) factor -> LPAREN expression . RPAREN
    (1) expression -> expression . PLUS term
    (2) expression -> expression . MINUS term

    RPAREN          shift and go to state 51
    PLUS            shift and go to state 16
    MINUS           shift and go to state 17


state 31

    (14) factor -> SIN LPAREN . expression RPAREN
    (1) expression -> . expression PLUS term
    (2) expression -> . expression MINUS term
    (3) expression -> . term
    (4) term -> . term TIMES factor
    (5) term -> . term DIVIDE factor
    (6) term -> . term EXP factor
    (7) term -> . factor
    (8) factor -> . LPAREN expression RPAREN
    (9) factor -> . NUMBER
    (10) factor -> . PI
    (11) factor -> . E
    (12) factor -> . BOOL
    (13) factor -> . STRING
    (14) factor -> . SIN LPAREN expression RPAREN
    (15) factor -> . COS LPAREN expression RPAREN
    (16) factor -> . SQRT LPAREN expression RPAREN
    (17) factor -> . LOG LPAREN expression COMA expression RPAREN
    (18) factor -> . RAND LPAREN RPAREN
    (19) factor -> . PRINT LPAREN expression RPAREN
    (20) factor -> . factor EQ factor
    (21) factor -> . factor GT factor
    (22) factor -> . factor LT factor
    (23) factor -> . factor GE factor
    (24) factor -> . factor LE factor
    (25) factor -> . factor NE factor
    (26) factor -> . factor AND factor
    (27) factor -> . factor OR factor
    (28) factor -> . factor CONCAT factor

    LPAREN          shift and go to state 4
    NUMBER          shift and go to state 5
    PI              shift and go to state 6
    E               shift and go to state 7
    BOOL            shift and go to state 8
    STRING          shift and go to state 9
    SIN             shift and go to state 10
    COS             shift and go to state 11
    SQRT            shift and go to state 12
    LOG             shift and go to state 13
    RAND            shift and go to state 14
    PRINT           shift and go to state 15

    expression                     shift and go to state 52
    term                           shift and go to state 2
    factor                         shift and go to state 3

state 32

    (15) factor -> COS LPAREN . expression RPAREN
    (1) expression -> . expression PLUS term
    (2) expression -> . expression MINUS term
    (3) expression -> . term
    (4) term -> . term TIMES factor
    (5) term -> . term DIVIDE factor
    (6) term -> . term EXP factor
    (7) term -> . factor
    (8) factor -> . LPAREN expression RPAREN
    (9) factor -> . NUMBER
    (10) factor -> . PI
    (11) factor -> . E
    (12) factor -> . BOOL
    (13) factor -> . STRING
    (14) factor -> . SIN LPAREN expression RPAREN
    (15) factor -> . COS LPAREN expression RPAREN
    (16) factor -> . SQRT LPAREN expression RPAREN
    (17) factor -> . LOG LPAREN expression COMA expression RPAREN
    (18) factor -> . RAND LPAREN RPAREN
    (19) factor -> . PRINT LPAREN expression RPAREN
    (20) factor -> . factor EQ factor
    (21) factor -> . factor GT factor
    (22) factor -> . factor LT factor
    (23) factor -> . factor GE factor
    (24) factor -> . factor LE factor
    (25) factor -> . factor NE factor
    (26) factor -> . factor AND factor
    (27) factor -> . factor OR factor
    (28) factor -> . factor CONCAT factor

    LPAREN          shift and go to state 4
    NUMBER          shift and go to state 5
    PI              shift and go to state 6
    E               shift and go to state 7
    BOOL            shift and go to state 8
    STRING          shift and go to state 9
    SIN             shift and go to state 10
    COS             shift and go to state 11
    SQRT            shift and go to state 12
    LOG             shift and go to state 13
    RAND            shift and go to state 14
    PRINT           shift and go to state 15

    expression                     shift and go to state 53
    term                           shift and go to state 2
    factor                         shift and go to state 3

state 33

    (16) factor -> SQRT LPAREN . expression RPAREN
    (1) expression -> . expression PLUS term
    (2) expression -> . expression MINUS term
    (3) expression -> . term
    (4) term -> . term TIMES factor
    (5) term -> . term DIVIDE factor
    (6) term -> . term EXP factor
    (7) term -> . factor
    (8) factor -> . LPAREN expression RPAREN
    (9) factor -> . NUMBER
    (10) factor -> . PI
    (11) factor -> . E
    (12) factor -> . BOOL
    (13) factor -> . STRING
    (14) factor -> . SIN LPAREN expression RPAREN
    (15) factor -> . COS LPAREN expression RPAREN
    (16) factor -> . SQRT LPAREN expression RPAREN
    (17) factor -> . LOG LPAREN expression COMA expression RPAREN
    (18) factor -> . RAND LPAREN RPAREN
    (19) factor -> . PRINT LPAREN expression RPAREN
    (20) factor -> . factor EQ factor
    (21) factor -> . factor GT factor
    (22) factor -> . factor LT factor
    (23) factor -> . factor GE factor
    (24) factor -> . factor LE factor
    (25) factor -> . factor NE factor
    (26) factor -> . factor AND factor
    (27) factor -> . factor OR factor
    (28) factor -> . factor CONCAT factor

    LPAREN          shift and go to state 4
    NUMBER          shift and go to state 5
    PI              shift and go to state 6
    E               shift and go to state 7
    BOOL            shift and go to state 8
    STRING          shift and go to state 9
    SIN             shift and go to state 10
    COS             shift and go to state 11
    SQRT            shift and go to state 12
    LOG             shift and go to state 13
    RAND            shift and go to state 14
    PRINT           shift and go to state 15

    expression                     shift and go to state 54
    term                           shift and go to state 2
    factor                         shift and go to state 3

state 34

    (17) factor -> LOG LPAREN . expression COMA expression RPAREN
    (1) expression -> . expression PLUS term
    (2) expression -> . expression MINUS term
    (3) expression -> . term
    (4) term -> . term TIMES factor
    (5) term -> . term DIVIDE factor
    (6) term -> . term EXP factor
    (7) term -> . factor
    (8) factor -> . LPAREN expression RPAREN
    (9) factor -> . NUMBER
    (10) factor -> . PI
    (11) factor -> . E
    (12) factor -> . BOOL
    (13) factor -> . STRING
    (14) factor -> . SIN LPAREN expression RPAREN
    (15) factor -> . COS LPAREN expression RPAREN
    (16) factor -> . SQRT LPAREN expression RPAREN
    (17) factor -> . LOG LPAREN expression COMA expression RPAREN
    (18) factor -> . RAND LPAREN RPAREN
    (19) factor -> . PRINT LPAREN expression RPAREN
    (20) factor -> . factor EQ factor
    (21) factor -> . factor GT factor
    (22) factor -> . factor LT factor
    (23) factor -> . factor GE factor
    (24) factor -> . factor LE factor
    (25) factor -> . factor NE factor
    (26) factor -> . factor AND factor
    (27) factor -> . factor OR factor
    (28) factor -> . factor CONCAT factor

    LPAREN          shift and go to state 4
    NUMBER          shift and go to state 5
    PI              shift and go to state 6
    E               shift and go to state 7
    BOOL            shift and go to state 8
    STRING          shift and go to state 9
    SIN             shift and go to state 10
    COS             shift and go to state 11
    SQRT            shift and go to state 12
    LOG             shift and go to state 13
    RAND            shift and go to state 14
    PRINT           shift and go to state 15

    expression                     shift and go to state 55
    term                           shift and go to state 2
    factor                         shift and go to state 3

state 35

    (18) factor -> RAND LPAREN . RPAREN

    RPAREN          shift and go to state 56


state 36

    (19) factor -> PRINT LPAREN . expression RPAREN
    (1) expression -> . expression PLUS term
    (2) expression -> . expression MINUS term
    (3) expression -> . term
    (4) term -> . term TIMES factor
    (5) term -> . term DIVIDE factor
    (6) term -> . term EXP factor
    (7) term -> . factor
    (8) factor -> . LPAREN expression RPAREN
    (9) factor -> . NUMBER
    (10) factor -> . PI
    (11) factor -> . E
    (12) factor -> . BOOL
    (13) factor -> . STRING
    (14) factor -> . SIN LPAREN expression RPAREN
    (15) factor -> . COS LPAREN expression RPAREN
    (16) factor -> . SQRT LPAREN expression RPAREN
    (17) factor -> . LOG LPAREN expression COMA expression RPAREN
    (18) factor -> . RAND LPAREN RPAREN
    (19) factor -> . PRINT LPAREN expression RPAREN
    (20) factor -> . factor EQ factor
    (21) factor -> . factor GT factor
    (22) factor -> . factor LT factor
    (23) factor -> . factor GE factor
    (24) factor -> . factor LE factor
    (25) factor -> . factor NE factor
    (26) factor -> . factor AND factor
    (27) factor -> . factor OR factor
    (28) factor -> . factor CONCAT factor

    LPAREN          shift and go to state 4
    NUMBER          shift and go to state 5
    PI              shift and go to state 6
    E               shift and go to state 7
    BOOL            shift and go to state 8
    STRING          shift and go to state 9
    SIN             shift and go to state 10
    COS             shift and go to state 11
    SQRT            shift and go to state 12
    LOG             shift and go to state 13
    RAND            shift and go to state 14
    PRINT           shift and go to state 15

    expression                     shift and go to state 57
    term                           shift and go to state 2
    factor                         shift and go to state 3

state 37

    (1) expression -> expression PLUS term .
    (4) term -> term . TIMES factor
    (5) term -> term . DIVIDE factor
    (6) term -> term . EXP factor

    PLUS            reduce using rule 1 (expression -> expression PLUS term .)
    MINUS           reduce using rule 1 (expression -> expression PLUS term .)
    $end            reduce using rule 1 (expression -> expression PLUS term .)
    RPAREN          reduce using rule 1 (expression -> expression PLUS term .)
    COMA            reduce using rule 1 (expression -> expression PLUS term .)
    TIMES           shift and go to state 18
    DIVIDE          shift and go to state 19
    EXP             shift and go to state 20


state 38

    (2) expression -> expression MINUS term .
    (4) term -> term . TIMES factor
    (5) term -> term . DIVIDE factor
    (6) term -> term . EXP factor

    PLUS            reduce using rule 2 (expression -> expression MINUS term .)
    MINUS           reduce using rule 2 (expression -> expression MINUS term .)
    $end            reduce using rule 2 (expression -> expression MINUS term .)
    RPAREN          reduce using rule 2 (expression -> expression MINUS term .)
    COMA            reduce using rule 2 (expression -> expression MINUS term .)
    TIMES           shift and go to state 18
    DIVIDE          shift and go to state 19
    EXP             shift and go to state 20


state 39

    (4) term -> term TIMES factor .
    (20) factor -> factor . EQ factor
    (21) factor -> factor . GT factor
    (22) factor -> factor . LT factor
    (23) factor -> factor . GE factor
    (24) factor -> factor . LE factor
    (25) factor -> factor . NE factor
    (26) factor -> factor . AND factor
    (27) factor -> factor . OR factor
    (28) factor -> factor . CONCAT factor

    TIMES           reduce using rule 4 (term -> term TIMES factor .)
    DIVIDE          reduce using rule 4 (term -> term TIMES factor .)
    EXP             reduce using rule 4 (term -> term TIMES factor .)
    PLUS            reduce using rule 4 (term -> term TIMES factor .)
    MINUS           reduce using rule 4 (term -> term TIMES factor .)
    $end            reduce using rule 4 (term -> term TIMES factor .)
    RPAREN          reduce using rule 4 (term -> term TIMES factor .)
    COMA            reduce using rule 4 (term -> term TIMES factor .)
    EQ              shift and go to state 21
    GT              shift and go to state 22
    LT              shift and go to state 23
    GE              shift and go to state 24
    LE              shift and go to state 25
    NE              shift and go to state 26
    AND             shift and go to state 27
    OR              shift and go to state 28
    CONCAT          shift and go to state 29


state 40

    (5) term -> term DIVIDE factor .
    (20) factor -> factor . EQ factor
    (21) factor -> factor . GT factor
    (22) factor -> factor . LT factor
    (23) factor -> factor . GE factor
    (24) factor -> factor . LE factor
    (25) factor -> factor . NE factor
    (26) factor -> factor . AND factor
    (27) factor -> factor . OR factor
    (28) factor -> factor . CONCAT factor

    TIMES           reduce using rule 5 (term -> term DIVIDE factor .)
    DIVIDE          reduce using rule 5 (term -> term DIVIDE factor .)
    EXP             reduce using rule 5 (term -> term DIVIDE factor .)
    PLUS            reduce using rule 5 (term -> term DIVIDE factor .)
    MINUS           reduce using rule 5 (term -> term DIVIDE factor .)
    $end            reduce using rule 5 (term -> term DIVIDE factor .)
    RPAREN          reduce using rule 5 (term -> term DIVIDE factor .)
    COMA            reduce using rule 5 (term -> term DIVIDE factor .)
    EQ              shift and go to state 21
    GT              shift and go to state 22
    LT              shift and go to state 23
    GE              shift and go to state 24
    LE              shift and go to state 25
    NE              shift and go to state 26
    AND             shift and go to state 27
    OR              shift and go to state 28
    CONCAT          shift and go to state 29


state 41

    (6) term -> term EXP factor .
    (20) factor -> factor . EQ factor
    (21) factor -> factor . GT factor
    (22) factor -> factor . LT factor
    (23) factor -> factor . GE factor
    (24) factor -> factor . LE factor
    (25) factor -> factor . NE factor
    (26) factor -> factor . AND factor
    (27) factor -> factor . OR factor
    (28) factor -> factor . CONCAT factor

    TIMES           reduce using rule 6 (term -> term EXP factor .)
    DIVIDE          reduce using rule 6 (term -> term EXP factor .)
    EXP             reduce using rule 6 (term -> term EXP factor .)
    PLUS            reduce using rule 6 (term -> term EXP factor .)
    MINUS           reduce using rule 6 (term -> term EXP factor .)
    $end            reduce using rule 6 (term -> term EXP factor .)
    RPAREN          reduce using rule 6 (term -> term EXP factor .)
    COMA            reduce using rule 6 (term -> term EXP factor .)
    EQ              shift and go to state 21
    GT              shift and go to state 22
    LT              shift and go to state 23
    GE              shift and go to state 24
    LE              shift and go to state 25
    NE              shift and go to state 26
    AND             shift and go to state 27
    OR              shift and go to state 28
    CONCAT          shift and go to state 29


state 42

    (20) factor -> factor EQ factor .
    (20) factor -> factor . EQ factor
    (21) factor -> factor . GT factor
    (22) factor -> factor . LT factor
    (23) factor -> factor . GE factor
    (24) factor -> factor . LE factor
    (25) factor -> factor . NE factor
    (26) factor -> factor . AND factor
    (27) factor -> factor . OR factor
    (28) factor -> factor . CONCAT factor

    EQ              reduce using rule 20 (factor -> factor EQ factor .)
    NE              reduce using rule 20 (factor -> factor EQ factor .)
    AND             reduce using rule 20 (factor -> factor EQ factor .)
    OR              reduce using rule 20 (factor -> factor EQ factor .)
    CONCAT          reduce using rule 20 (factor -> factor EQ factor .)
    TIMES           reduce using rule 20 (factor -> factor EQ factor .)
    DIVIDE          reduce using rule 20 (factor -> factor EQ factor .)
    EXP             reduce using rule 20 (factor -> factor EQ factor .)
    PLUS            reduce using rule 20 (factor -> factor EQ factor .)
    MINUS           reduce using rule 20 (factor -> factor EQ factor .)
    $end            reduce using rule 20 (factor -> factor EQ factor .)
    RPAREN          reduce using rule 20 (factor -> factor EQ factor .)
    COMA            reduce using rule 20 (factor -> factor EQ factor .)
    GT              shift and go to state 22
    LT              shift and go to state 23
    GE              shift and go to state 24
    LE              shift and go to state 25

  ! GT              [ reduce using rule 20 (factor -> factor EQ factor .) ]
  ! LT              [ reduce using rule 20 (factor -> factor EQ factor .) ]
  ! GE              [ reduce using rule 20 (factor -> factor EQ factor .) ]
  ! LE              [ reduce using rule 20 (factor -> factor EQ factor .) ]
  ! EQ              [ shift and go to state 21 ]
  ! NE              [ shift and go to state 26 ]
  ! AND             [ shift and go to state 27 ]
  ! OR              [ shift and go to state 28 ]
  ! CONCAT          [ shift and go to state 29 ]


state 43

    (21) factor -> factor GT factor .
    (20) factor -> factor . EQ factor
    (21) factor -> factor . GT factor
    (22) factor -> factor . LT factor
    (23) factor -> factor . GE factor
    (24) factor -> factor . LE factor
    (25) factor -> factor . NE factor
    (26) factor -> factor . AND factor
    (27) factor -> factor . OR factor
    (28) factor -> factor . CONCAT factor

    EQ              reduce using rule 21 (factor -> factor GT factor .)
    GT              reduce using rule 21 (factor -> factor GT factor .)
    LT              reduce using rule 21 (factor -> factor GT factor .)
    GE              reduce using rule 21 (factor -> factor GT factor .)
    LE              reduce using rule 21 (factor -> factor GT factor .)
    NE              reduce using rule 21 (factor -> factor GT factor .)
    AND             reduce using rule 21 (factor -> factor GT factor .)
    OR              reduce using rule 21 (factor -> factor GT factor .)
    CONCAT          reduce using rule 21 (factor -> factor GT factor .)
    TIMES           reduce using rule 21 (factor -> factor GT factor .)
    DIVIDE          reduce using rule 21 (factor -> factor GT factor .)
    EXP             reduce using rule 21 (factor -> factor GT factor .)
    PLUS            reduce using rule 21 (factor -> factor GT factor .)
    MINUS           reduce using rule 21 (factor -> factor GT factor .)
    $end            reduce using rule 21 (factor -> factor GT factor .)
    RPAREN          reduce using rule 21 (factor -> factor GT factor .)
    COMA            reduce using rule 21 (factor -> factor GT factor .)

  ! EQ              [ shift and go to state 21 ]
  ! GT              [ shift and go to state 22 ]
  ! LT              [ shift and go to state 23 ]
  ! GE              [ shift and go to state 24 ]
  ! LE              [ shift and go to state 25 ]
  ! NE              [ shift and go to state 26 ]
  ! AND             [ shift and go to state 27 ]
  ! OR              [ shift and go to state 28 ]
  ! CONCAT          [ shift and go to state 29 ]


state 44

    (22) factor -> factor LT factor .
    (20) factor -> factor . EQ factor
    (21) factor -> factor . GT factor
    (22) factor -> factor . LT factor
    (23) factor -> factor . GE factor
    (24) factor -> factor . LE factor
    (25) factor -> factor . NE factor
    (26) factor -> factor . AND factor
    (27) factor -> factor . OR factor
    (28) factor -> factor . CONCAT factor

    EQ              reduce using rule 22 (factor -> factor LT factor .)
    GT              reduce using rule 22 (factor -> factor LT factor .)
    LT              reduce using rule 22 (factor -> factor LT factor .)
    GE              reduce using rule 22 (factor -> factor LT factor .)
    LE              reduce using rule 22 (factor -> factor LT factor .)
    NE              reduce using rule 22 (factor -> factor LT factor .)
    AND             reduce using rule 22 (factor -> factor LT factor .)
    OR              reduce using rule 22 (factor -> factor LT factor .)
    CONCAT          reduce using rule 22 (factor -> factor LT factor .)
    TIMES           reduce using rule 22 (factor -> factor LT factor .)
    DIVIDE          reduce using rule 22 (factor -> factor LT factor .)
    EXP             reduce using rule 22 (factor -> factor LT factor .)
    PLUS            reduce using rule 22 (factor -> factor LT factor .)
    MINUS           reduce using rule 22 (factor -> factor LT factor .)
    $end            reduce using rule 22 (factor -> factor LT factor .)
    RPAREN          reduce using rule 22 (factor -> factor LT factor .)
    COMA            reduce using rule 22 (factor -> factor LT factor .)

  ! EQ              [ shift and go to state 21 ]
  ! GT              [ shift and go to state 22 ]
  ! LT              [ shift and go to state 23 ]
  ! GE              [ shift and go to state 24 ]
  ! LE              [ shift and go to state 25 ]
  ! NE              [ shift and go to state 26 ]
  ! AND             [ shift and go to state 27 ]
  ! OR              [ shift and go to state 28 ]
  ! CONCAT          [ shift and go to state 29 ]


state 45

    (23) factor -> factor GE factor .
    (20) factor -> factor . EQ factor
    (21) factor -> factor . GT factor
    (22) factor -> factor . LT factor
    (23) factor -> factor . GE factor
    (24) factor -> factor . LE factor
    (25) factor -> factor . NE factor
    (26) factor -> factor . AND factor
    (27) factor -> factor . OR factor
    (28) factor -> factor . CONCAT factor

    EQ              reduce using rule 23 (factor -> factor GE factor .)
    GT              reduce using rule 23 (factor -> factor GE factor .)
    LT              reduce using rule 23 (factor -> factor GE factor .)
    GE              reduce using rule 23 (factor -> factor GE factor .)
    LE              reduce using rule 23 (factor -> factor GE factor .)
    NE              reduce using rule 23 (factor -> factor GE factor .)
    AND             reduce using rule 23 (factor -> factor GE factor .)
    OR              reduce using rule 23 (factor -> factor GE factor .)
    CONCAT          reduce using rule 23 (factor -> factor GE factor .)
    TIMES           reduce using rule 23 (factor -> factor GE factor .)
    DIVIDE          reduce using rule 23 (factor -> factor GE factor .)
    EXP             reduce using rule 23 (factor -> factor GE factor .)
    PLUS            reduce using rule 23 (factor -> factor GE factor .)
    MINUS           reduce using rule 23 (factor -> factor GE factor .)
    $end            reduce using rule 23 (factor -> factor GE factor .)
    RPAREN          reduce using rule 23 (factor -> factor GE factor .)
    COMA            reduce using rule 23 (factor -> factor GE factor .)

  ! EQ              [ shift and go to state 21 ]
  ! GT              [ shift and go to state 22 ]
  ! LT              [ shift and go to state 23 ]
  ! GE              [ shift and go to state 24 ]
  ! LE              [ shift and go to state 25 ]
  ! NE              [ shift and go to state 26 ]
  ! AND             [ shift and go to state 27 ]
  ! OR              [ shift and go to state 28 ]
  ! CONCAT          [ shift and go to state 29 ]


state 46

    (24) factor -> factor LE factor .
    (20) factor -> factor . EQ factor
    (21) factor -> factor . GT factor
    (22) factor -> factor . LT factor
    (23) factor -> factor . GE factor
    (24) factor -> factor . LE factor
    (25) factor -> factor . NE factor
    (26) factor -> factor . AND factor
    (27) factor -> factor . OR factor
    (28) factor -> factor . CONCAT factor

    EQ              reduce using rule 24 (factor -> factor LE factor .)
    GT              reduce using rule 24 (factor -> factor LE factor .)
    LT              reduce using rule 24 (factor -> factor LE factor .)
    GE              reduce using rule 24 (factor -> factor LE factor .)
    LE              reduce using rule 24 (factor -> factor LE factor .)
    NE              reduce using rule 24 (factor -> factor LE factor .)
    AND             reduce using rule 24 (factor -> factor LE factor .)
    OR              reduce using rule 24 (factor -> factor LE factor .)
    CONCAT          reduce using rule 24 (factor -> factor LE factor .)
    TIMES           reduce using rule 24 (factor -> factor LE factor .)
    DIVIDE          reduce using rule 24 (factor -> factor LE factor .)
    EXP             reduce using rule 24 (factor -> factor LE factor .)
    PLUS            reduce using rule 24 (factor -> factor LE factor .)
    MINUS           reduce using rule 24 (factor -> factor LE factor .)
    $end            reduce using rule 24 (factor -> factor LE factor .)
    RPAREN          reduce using rule 24 (factor -> factor LE factor .)
    COMA            reduce using rule 24 (factor -> factor LE factor .)

  ! EQ              [ shift and go to state 21 ]
  ! GT              [ shift and go to state 22 ]
  ! LT              [ shift and go to state 23 ]
  ! GE              [ shift and go to state 24 ]
  ! LE              [ shift and go to state 25 ]
  ! NE              [ shift and go to state 26 ]
  ! AND             [ shift and go to state 27 ]
  ! OR              [ shift and go to state 28 ]
  ! CONCAT          [ shift and go to state 29 ]


state 47

    (25) factor -> factor NE factor .
    (20) factor -> factor . EQ factor
    (21) factor -> factor . GT factor
    (22) factor -> factor . LT factor
    (23) factor -> factor . GE factor
    (24) factor -> factor . LE factor
    (25) factor -> factor . NE factor
    (26) factor -> factor . AND factor
    (27) factor -> factor . OR factor
    (28) factor -> factor . CONCAT factor

    EQ              reduce using rule 25 (factor -> factor NE factor .)
    NE              reduce using rule 25 (factor -> factor NE factor .)
    AND             reduce using rule 25 (factor -> factor NE factor .)
    OR              reduce using rule 25 (factor -> factor NE factor .)
    CONCAT          reduce using rule 25 (factor -> factor NE factor .)
    TIMES           reduce using rule 25 (factor -> factor NE factor .)
    DIVIDE          reduce using rule 25 (factor -> factor NE factor .)
    EXP             reduce using rule 25 (factor -> factor NE factor .)
    PLUS            reduce using rule 25 (factor -> factor NE factor .)
    MINUS           reduce using rule 25 (factor -> factor NE factor .)
    $end            reduce using rule 25 (factor -> factor NE factor .)
    RPAREN          reduce using rule 25 (factor -> factor NE factor .)
    COMA            reduce using rule 25 (factor -> factor NE factor .)
    GT              shift and go to state 22
    LT              shift and go to state 23
    GE              shift and go to state 24
    LE              shift and go to state 25

  ! GT              [ reduce using rule 25 (factor -> factor NE factor .) ]
  ! LT              [ reduce using rule 25 (factor -> factor NE factor .) ]
  ! GE              [ reduce using rule 25 (factor -> factor NE factor .) ]
  ! LE              [ reduce using rule 25 (factor -> factor NE factor .) ]
  ! EQ              [ shift and go to state 21 ]
  ! NE              [ shift and go to state 26 ]
  ! AND             [ shift and go to state 27 ]
  ! OR              [ shift and go to state 28 ]
  ! CONCAT          [ shift and go to state 29 ]


state 48

    (26) factor -> factor AND factor .
    (20) factor -> factor . EQ factor
    (21) factor -> factor . GT factor
    (22) factor -> factor . LT factor
    (23) factor -> factor . GE factor
    (24) factor -> factor . LE factor
    (25) factor -> factor . NE factor
    (26) factor -> factor . AND factor
    (27) factor -> factor . OR factor
    (28) factor -> factor . CONCAT factor

    AND             reduce using rule 26 (factor -> factor AND factor .)
    OR              reduce using rule 26 (factor -> factor AND factor .)
    CONCAT          reduce using rule 26 (factor -> factor AND factor .)
    TIMES           reduce using rule 26 (factor -> factor AND factor .)
    DIVIDE          reduce using rule 26 (factor -> factor AND factor .)
    EXP             reduce using rule 26 (factor -> factor AND factor .)
    PLUS            reduce using rule 26 (factor -> factor AND factor .)
    MINUS           reduce using rule 26 (factor -> factor AND factor .)
    $end            reduce using rule 26 (factor -> factor AND factor .)
    RPAREN          reduce using rule 26 (factor -> factor AND factor .)
    COMA            reduce using rule 26 (factor -> factor AND factor .)
    EQ              shift and go to state 21
    GT              shift and go to state 22
    LT              shift and go to state 23
    GE              shift and go to state 24
    LE              shift and go to state 25
    NE              shift and go to state 26

  ! EQ              [ reduce using rule 26 (factor -> factor AND factor .) ]
  ! GT              [ reduce using rule 26 (factor -> factor AND factor .) ]
  ! LT              [ reduce using rule 26 (factor -> factor AND factor .) ]
  ! GE              [ reduce using rule 26 (factor -> factor AND factor .) ]
  ! LE              [ reduce using rule 26 (factor -> factor AND factor .) ]
  ! NE              [ reduce using rule 26 (factor -> factor AND factor .) ]
  ! AND             [ shift and go to state 27 ]
  ! OR              [ shift and go to state 28 ]
  ! CONCAT          [ shift and go to state 29 ]


state 49

    (27) factor -> factor OR factor .
    (20) factor -> factor . EQ factor
    (21) factor -> factor . GT factor
    (22) factor -> factor . LT factor
    (23) factor -> factor . GE factor
    (24) factor -> factor . LE factor
    (25) factor -> factor . NE factor
    (26) factor -> factor . AND factor
    (27) factor -> factor . OR factor
    (28) factor -> factor . CONCAT factor

    OR              reduce using rule 27 (factor -> factor OR factor .)
    CONCAT          reduce using rule 27 (factor -> factor OR factor .)
    TIMES           reduce using rule 27 (factor -> factor OR factor .)
    DIVIDE          reduce using rule 27 (factor -> factor OR factor .)
    EXP             reduce using rule 27 (factor -> factor OR factor .)
    PLUS            reduce using rule 27 (factor -> factor OR factor .)
    MINUS           reduce using rule 27 (factor -> factor OR factor .)
    $end            reduce using rule 27 (factor -> factor OR factor .)
    RPAREN          reduce using rule 27 (factor -> factor OR factor .)
    COMA            reduce using rule 27 (factor -> factor OR factor .)
    EQ              shift and go to state 21
    GT              shift and go to state 22
    LT              shift and go to state 23
    GE              shift and go to state 24
    LE              shift and go to state 25
    NE              shift and go to state 26
    AND             shift and go to state 27

  ! EQ              [ reduce using rule 27 (factor -> factor OR factor .) ]
  ! GT              [ reduce using rule 27 (factor -> factor OR factor .) ]
  ! LT              [ reduce using rule 27 (factor -> factor OR factor .) ]
  ! GE              [ reduce using rule 27 (factor -> factor OR factor .) ]
  ! LE              [ reduce using rule 27 (factor -> factor OR factor .) ]
  ! NE              [ reduce using rule 27 (factor -> factor OR factor .) ]
  ! AND             [ reduce using rule 27 (factor -> factor OR factor .) ]
  ! OR              [ shift and go to state 28 ]
  ! CONCAT          [ shift and go to state 29 ]


state 50

    (28) factor -> factor CONCAT factor .
    (20) factor -> factor . EQ factor
    (21) factor -> factor . GT factor
    (22) factor -> factor . LT factor
    (23) factor -> factor . GE factor
    (24) factor -> factor . LE factor
    (25) factor -> factor . NE factor
    (26) factor -> factor . AND factor
    (27) factor -> factor . OR factor
    (28) factor -> factor . CONCAT factor

  ! shift/reduce conflict for EQ resolved as shift
  ! shift/reduce conflict for GT resolved as shift
  ! shift/reduce conflict for LT resolved as shift
  ! shift/reduce conflict for GE resolved as shift
  ! shift/reduce conflict for LE resolved as shift
  ! shift/reduce conflict for NE resolved as shift
  ! shift/reduce conflict for AND resolved as shift
  ! shift/reduce conflict for OR resolved as shift
  ! shift/reduce conflict for CONCAT resolved as shift
    TIMES           reduce using rule 28 (factor -> factor CONCAT factor .)
    DIVIDE          reduce using rule 28 (factor -> factor CONCAT factor .)
    EXP             reduce using rule 28 (factor -> factor CONCAT factor .)
    PLUS            reduce using rule 28 (factor -> factor CONCAT factor .)
    MINUS           reduce using rule 28 (factor -> factor CONCAT factor .)
    $end            reduce using rule 28 (factor -> factor CONCAT factor .)
    RPAREN          reduce using rule 28 (factor -> factor CONCAT factor .)
    COMA            reduce using rule 28 (factor -> factor CONCAT factor .)
    EQ              shift and go to state 21
    GT              shift and go to state 22
    LT              shift and go to state 23
    GE              shift and go to state 24
    LE              shift and go to state 25
    NE              shift and go to state 26
    AND             shift and go to state 27
    OR              shift and go to state 28
    CONCAT          shift and go to state 29

  ! EQ              [ reduce using rule 28 (factor -> factor CONCAT factor .) ]
  ! GT              [ reduce using rule 28 (factor -> factor CONCAT factor .) ]
  ! LT              [ reduce using rule 28 (factor -> factor CONCAT factor .) ]
  ! GE              [ reduce using rule 28 (factor -> factor CONCAT factor .) ]
  ! LE              [ reduce using rule 28 (factor -> factor CONCAT factor .) ]
  ! NE              [ reduce using rule 28 (factor -> factor CONCAT factor .) ]
  ! AND             [ reduce using rule 28 (factor -> factor CONCAT factor .) ]
  ! OR              [ reduce using rule 28 (factor -> factor CONCAT factor .) ]
  ! CONCAT          [ reduce using rule 28 (factor -> factor CONCAT factor .) ]


state 51

    (8) factor -> LPAREN expression RPAREN .

    EQ              reduce using rule 8 (factor -> LPAREN expression RPAREN .)
    GT              reduce using rule 8 (factor -> LPAREN expression RPAREN .)
    LT              reduce using rule 8 (factor -> LPAREN expression RPAREN .)
    GE              reduce using rule 8 (factor -> LPAREN expression RPAREN .)
    LE              reduce using rule 8 (factor -> LPAREN expression RPAREN .)
    NE              reduce using rule 8 (factor -> LPAREN expression RPAREN .)
    AND             reduce using rule 8 (factor -> LPAREN expression RPAREN .)
    OR              reduce using rule 8 (factor -> LPAREN expression RPAREN .)
    CONCAT          reduce using rule 8 (factor -> LPAREN expression RPAREN .)
    TIMES           reduce using rule 8 (factor -> LPAREN expression RPAREN .)
    DIVIDE          reduce using rule 8 (factor -> LPAREN expression RPAREN .)
    EXP             reduce using rule 8 (factor -> LPAREN expression RPAREN .)
    PLUS            reduce using rule 8 (factor -> LPAREN expression RPAREN .)
    MINUS           reduce using rule 8 (factor -> LPAREN expression RPAREN .)
    $end            reduce using rule 8 (factor -> LPAREN expression RPAREN .)
    RPAREN          reduce using rule 8 (factor -> LPAREN expression RPAREN .)
    COMA            reduce using rule 8 (factor -> LPAREN expression RPAREN .)


state 52

    (14) factor -> SIN LPAREN expression . RPAREN
    (1) expression -> expression . PLUS term
    (2) expression -> expression . MINUS term

    RPAREN          shift and go to state 58
    PLUS            shift and go to state 16
    MINUS           shift and go to state 17


state 53

    (15) factor -> COS LPAREN expression . RPAREN
    (1) expression -> expression . PLUS term
    (2) expression -> expression . MINUS term

    RPAREN          shift and go to state 59
    PLUS            shift and go to state 16
    MINUS           shift and go to state 17


state 54

    (16) factor -> SQRT LPAREN expression . RPAREN
    (1) expression -> expression . PLUS term
    (2) expression -> expression . MINUS term

    RPAREN          shift and go to state 60
    PLUS            shift and go to state 16
    MINUS           shift and go to state 17


state 55

    (17) factor -> LOG LPAREN expression . COMA expression RPAREN
    (1) expression -> expression . PLUS term
    (2) expression -> expression . MINUS term

    COMA            shift and go to state 61
    PLUS            shift and go to state 16
    MINUS           shift and go to state 17


state 56

    (18) factor -> RAND LPAREN RPAREN .

    EQ              reduce using rule 18 (factor -> RAND LPAREN RPAREN .)
    GT              reduce using rule 18 (factor -> RAND LPAREN RPAREN .)
    LT              reduce using rule 18 (factor -> RAND LPAREN RPAREN .)
    GE              reduce using rule 18 (factor -> RAND LPAREN RPAREN .)
    LE              reduce using rule 18 (factor -> RAND LPAREN RPAREN .)
    NE              reduce using rule 18 (factor -> RAND LPAREN RPAREN .)
    AND             reduce using rule 18 (factor -> RAND LPAREN RPAREN .)
    OR              reduce using rule 18 (factor -> RAND LPAREN RPAREN .)
    CONCAT          reduce using rule 18 (factor -> RAND LPAREN RPAREN .)
    TIMES           reduce using rule 18 (factor -> RAND LPAREN RPAREN .)
    DIVIDE          reduce using rule 18 (factor -> RAND LPAREN RPAREN .)
    EXP             reduce using rule 18 (factor -> RAND LPAREN RPAREN .)
    PLUS            reduce using rule 18 (factor -> RAND LPAREN RPAREN .)
    MINUS           reduce using rule 18 (factor -> RAND LPAREN RPAREN .)
    $end            reduce using rule 18 (factor -> RAND LPAREN RPAREN .)
    RPAREN          reduce using rule 18 (factor -> RAND LPAREN RPAREN .)
    COMA            reduce using rule 18 (factor -> RAND LPAREN RPAREN .)


state 57

    (19) factor -> PRINT LPAREN expression . RPAREN
    (1) expression -> expression . PLUS term
    (2) expression -> expression . MINUS term

    RPAREN          shift and go to state 62
    PLUS            shift and go to state 16
    MINUS           shift and go to state 17


state 58

    (14) factor -> SIN LPAREN expression RPAREN .

    EQ              reduce using rule 14 (factor -> SIN LPAREN expression RPAREN .)
    GT              reduce using rule 14 (factor -> SIN LPAREN expression RPAREN .)
    LT              reduce using rule 14 (factor -> SIN LPAREN expression RPAREN .)
    GE              reduce using rule 14 (factor -> SIN LPAREN expression RPAREN .)
    LE              reduce using rule 14 (factor -> SIN LPAREN expression RPAREN .)
    NE              reduce using rule 14 (factor -> SIN LPAREN expression RPAREN .)
    AND             reduce using rule 14 (factor -> SIN LPAREN expression RPAREN .)
    OR              reduce using rule 14 (factor -> SIN LPAREN expression RPAREN .)
    CONCAT          reduce using rule 14 (factor -> SIN LPAREN expression RPAREN .)
    TIMES           reduce using rule 14 (factor -> SIN LPAREN expression RPAREN .)
    DIVIDE          reduce using rule 14 (factor -> SIN LPAREN expression RPAREN .)
    EXP             reduce using rule 14 (factor -> SIN LPAREN expression RPAREN .)
    PLUS            reduce using rule 14 (factor -> SIN LPAREN expression RPAREN .)
    MINUS           reduce using rule 14 (factor -> SIN LPAREN expression RPAREN .)
    $end            reduce using rule 14 (factor -> SIN LPAREN expression RPAREN .)
    RPAREN          reduce using rule 14 (factor -> SIN LPAREN expression RPAREN .)
    COMA            reduce using rule 14 (factor -> SIN LPAREN expression RPAREN .)


state 59

    (15) factor -> COS LPAREN expression RPAREN .

    EQ              reduce using rule 15 (factor -> COS LPAREN expression RPAREN .)
    GT              reduce using rule 15 (factor -> COS LPAREN expression RPAREN .)
    LT              reduce using rule 15 (factor -> COS LPAREN expression RPAREN .)
    GE              reduce using rule 15 (factor -> COS LPAREN expression RPAREN .)
    LE              reduce using rule 15 (factor -> COS LPAREN expression RPAREN .)
    NE              reduce using rule 15 (factor -> COS LPAREN expression RPAREN .)
    AND             reduce using rule 15 (factor -> COS LPAREN expression RPAREN .)
    OR              reduce using rule 15 (factor -> COS LPAREN expression RPAREN .)
    CONCAT          reduce using rule 15 (factor -> COS LPAREN expression RPAREN .)
    TIMES           reduce using rule 15 (factor -> COS LPAREN expression RPAREN .)
    DIVIDE          reduce using rule 15 (factor -> COS LPAREN expression RPAREN .)
    EXP             reduce using rule 15 (factor -> COS LPAREN expression RPAREN .)
    PLUS            reduce using rule 15 (factor -> COS LPAREN expression RPAREN .)
    MINUS           reduce using rule 15 (factor -> COS LPAREN expression RPAREN .)
    $end            reduce using rule 15 (factor -> COS LPAREN expression RPAREN .)
    RPAREN          reduce using rule 15 (factor -> COS LPAREN expression RPAREN .)
    COMA            reduce using rule 15 (factor -> COS LPAREN expression RPAREN .)


state 60

    (16) factor -> SQRT LPAREN expression RPAREN .

    EQ              reduce using rule 16 (factor -> SQRT LPAREN expression RPAREN .)
    GT              reduce using rule 16 (factor -> SQRT LPAREN expression RPAREN .)
    LT              reduce using rule 16 (factor -> SQRT LPAREN expression RPAREN .)
    GE              reduce using rule 16 (factor -> SQRT LPAREN expression RPAREN .)
    LE              reduce using rule 16 (factor -> SQRT LPAREN expression RPAREN .)
    NE              reduce using rule 16 (factor -> SQRT LPAREN expression RPAREN .)
    AND             reduce using rule 16 (factor -> SQRT LPAREN expression RPAREN .)
    OR              reduce using rule 16 (factor -> SQRT LPAREN expression RPAREN .)
    CONCAT          reduce using rule 16 (factor -> SQRT LPAREN expression RPAREN .)
    TIMES           reduce using rule 16 (factor -> SQRT LPAREN expression RPAREN .)
    DIVIDE          reduce using rule 16 (factor -> SQRT LPAREN expression RPAREN .)
    EXP             reduce using rule 16 (factor -> SQRT LPAREN expression RPAREN .)
    PLUS            reduce using rule 16 (factor -> SQRT LPAREN expression RPAREN .)
    MINUS           reduce using rule 16 (factor -> SQRT LPAREN expression RPAREN .)
    $end            reduce using rule 16 (factor -> SQRT LPAREN expression RPAREN .)
    RPAREN          reduce using rule 16 (factor -> SQRT LPAREN expression RPAREN .)
    COMA            reduce using rule 16 (factor -> SQRT LPAREN expression RPAREN .)


state 61

    (17) factor -> LOG LPAREN expression COMA . expression RPAREN
    (1) expression -> . expression PLUS term
    (2) expression -> . expression MINUS term
    (3) expression -> . term
    (4) term -> . term TIMES factor
    (5) term -> . term DIVIDE factor
    (6) term -> . term EXP factor
    (7) term -> . factor
    (8) factor -> . LPAREN expression RPAREN
    (9) factor -> . NUMBER
    (10) factor -> . PI
    (11) factor -> . E
    (12) factor -> . BOOL
    (13) factor -> . STRING
    (14) factor -> . SIN LPAREN expression RPAREN
    (15) factor -> . COS LPAREN expression RPAREN
    (16) factor -> . SQRT LPAREN expression RPAREN
    (17) factor -> . LOG LPAREN expression COMA expression RPAREN
    (18) factor -> . RAND LPAREN RPAREN
    (19) factor -> . PRINT LPAREN expression RPAREN
    (20) factor -> . factor EQ factor
    (21) factor -> . factor GT factor
    (22) factor -> . factor LT factor
    (23) factor -> . factor GE factor
    (24) factor -> . factor LE factor
    (25) factor -> . factor NE factor
    (26) factor -> . factor AND factor
    (27) factor -> . factor OR factor
    (28) factor -> . factor CONCAT factor

    LPAREN          shift and go to state 4
    NUMBER          shift and go to state 5
    PI              shift and go to state 6
    E               shift and go to state 7
    BOOL            shift and go to state 8
    STRING          shift and go to state 9
    SIN             shift and go to state 10
    COS             shift and go to state 11
    SQRT            shift and go to state 12
    LOG             shift and go to state 13
    RAND            shift and go to state 14
    PRINT           shift and go to state 15

    expression                     shift and go to state 63
    term                           shift and go to state 2
    factor                         shift and go to state 3

state 62

    (19) factor -> PRINT LPAREN expression RPAREN .

    EQ              reduce using rule 19 (factor -> PRINT LPAREN expression RPAREN .)
    GT              reduce using rule 19 (factor -> PRINT LPAREN expression RPAREN .)
    LT              reduce using rule 19 (factor -> PRINT LPAREN expression RPAREN .)
    GE              reduce using rule 19 (factor -> PRINT LPAREN expression RPAREN .)
    LE              reduce using rule 19 (factor -> PRINT LPAREN expression RPAREN .)
    NE              reduce using rule 19 (factor -> PRINT LPAREN expression RPAREN .)
    AND             reduce using rule 19 (factor -> PRINT LPAREN expression RPAREN .)
    OR              reduce using rule 19 (factor -> PRINT LPAREN expression RPAREN .)
    CONCAT          reduce using rule 19 (factor -> PRINT LPAREN expression RPAREN .)
    TIMES           reduce using rule 19 (factor -> PRINT LPAREN expression RPAREN .)
    DIVIDE          reduce using rule 19 (factor -> PRINT LPAREN expression RPAREN .)
    EXP             reduce using rule 19 (factor -> PRINT LPAREN expression RPAREN .)
    PLUS            reduce using rule 19 (factor -> PRINT LPAREN expression RPAREN .)
    MINUS           reduce using rule 19 (factor -> PRINT LPAREN expression RPAREN .)
    $end            reduce using rule 19 (factor -> PRINT LPAREN expression RPAREN .)
    RPAREN          reduce using rule 19 (factor -> PRINT LPAREN expression RPAREN .)
    COMA            reduce using rule 19 (factor -> PRINT LPAREN expression RPAREN .)


state 63

    (17) factor -> LOG LPAREN expression COMA expression . RPAREN
    (1) expression -> expression . PLUS term
    (2) expression -> expression . MINUS term

    RPAREN          shift and go to state 64
    PLUS            shift and go to state 16
    MINUS           shift and go to state 17


state 64

    (17) factor -> LOG LPAREN expression COMA expression RPAREN .

    EQ              reduce using rule 17 (factor -> LOG LPAREN expression COMA expression RPAREN .)
    GT              reduce using rule 17 (factor -> LOG LPAREN expression COMA expression RPAREN .)
    LT              reduce using rule 17 (factor -> LOG LPAREN expression COMA expression RPAREN .)
    GE              reduce using rule 17 (factor -> LOG LPAREN expression COMA expression RPAREN .)
    LE              reduce using rule 17 (factor -> LOG LPAREN expression COMA expression RPAREN .)
    NE              reduce using rule 17 (factor -> LOG LPAREN expression COMA expression RPAREN .)
    AND             reduce using rule 17 (factor -> LOG LPAREN expression COMA expression RPAREN .)
    OR              reduce using rule 17 (factor -> LOG LPAREN expression COMA expression RPAREN .)
    CONCAT          reduce using rule 17 (factor -> LOG LPAREN expression COMA expression RPAREN .)
    TIMES           reduce using rule 17 (factor -> LOG LPAREN expression COMA expression RPAREN .)
    DIVIDE          reduce using rule 17 (factor -> LOG LPAREN expression COMA expression RPAREN .)
    EXP             reduce using rule 17 (factor -> LOG LPAREN expression COMA expression RPAREN .)
    PLUS            reduce using rule 17 (factor -> LOG LPAREN expression COMA expression RPAREN .)
    MINUS           reduce using rule 17 (factor -> LOG LPAREN expression COMA expression RPAREN .)
    $end            reduce using rule 17 (factor -> LOG LPAREN expression COMA expression RPAREN .)
    RPAREN          reduce using rule 17 (factor -> LOG LPAREN expression COMA expression RPAREN .)
    COMA            reduce using rule 17 (factor -> LOG LPAREN expression COMA expression RPAREN .)

WARNING: 
WARNING: Conflicts:
WARNING: 
WARNING: shift/reduce conflict for EQ in state 50 resolved as shift
WARNING: shift/reduce conflict for GT in state 50 resolved as shift
WARNING: shift/reduce conflict for LT in state 50 resolved as shift
WARNING: shift/reduce conflict for GE in state 50 resolved as shift
WARNING: shift/reduce conflict for LE in state 50 resolved as shift
WARNING: shift/reduce conflict for NE in state 50 resolved as shift
WARNING: shift/reduce conflict for AND in state 50 resolved as shift
WARNING: shift/reduce conflict for OR in state 50 resolved as shift
WARNING: shift/reduce conflict for CONCAT in state 50 resolved as shift
